<!DOCTYPE html PUBLIC "-//W3C//DTD XHTML 1.1//EN" "http://www.w3.org/TR/xhtml11/DTD/xhtml11.dtd">
<html xmlns="http://www.w3.org/1999/xhtml">
<head>
<meta http-equiv="content-type" content="text/html; charset=UTF-8"/>
<title>TestNG Report</title>
<style type="text/css">table {margin-bottom:10px;border-collapse:collapse;empty-cells:show}th,td {border:1px solid #009;padding:.25em .5em}th {vertical-align:bottom}td {vertical-align:top}table a {font-weight:bold}.stripe td {background-color: #E6EBF9}.num {text-align:right}.passedodd td {background-color: #3F3}.passedeven td {background-color: #0A0}.skippedodd td {background-color: #DDD}.skippedeven td {background-color: #CCC}.failedodd td,.attn {background-color: #F33}.failedeven td,.stripe .attn {background-color: #D00}.stacktrace {white-space:pre;font-family:monospace}.totop {font-size:85%;text-align:center;border-bottom:2px solid #000}.invisible {display:none}</style>
</head>
<body>
<table>
<tr><th>Test</th><th># Passed</th><th># Skipped</th><th># Failed</th><th>Time (ms)</th><th>Included Groups</th><th>Excluded Groups</th></tr>
<tr><th colspan="7">suite</th></tr>
<tr><td><a href="#t0">LoginWith_Validcredentials</a></td><td class="num">1</td><td class="num">0</td><td class="num">0</td><td class="num">1,337</td><td></td><td></td></tr>
<tr class="stripe"><td><a href="#t1">LoginWith_Invalidcredentials </a></td><td class="num">0</td><td class="num">0</td><td class="num attn">1</td><td class="num">15,064</td><td></td><td></td></tr>
<tr><td><a href="#t2">LoginWith_WithoutProvindingAnycredentials</a></td><td class="num">0</td><td class="num">0</td><td class="num attn">1</td><td class="num">15,028</td><td></td><td></td></tr>
<tr><th>Total</th><th class="num">1</th><th class="num">0</th><th class="num attn">2</th><th class="num">31,429</th><th colspan="2"></th></tr>
</table>
<table id='summary'><thead><tr><th>Class</th><th>Method</th><th>Start</th><th>Time (ms)</th></tr></thead><tbody><tr><th colspan="4">suite</th></tr></tbody><tbody id="t0"><tr><th colspan="4">LoginWith_Validcredentials &#8212; passed</th></tr><tr class="passedeven"><td rowspan="1">Testcases.LoginWith_Validcredentials</td><td><a href="#m0">CheckloginWithValidData</a></td><td rowspan="1">1724481584866</td><td rowspan="1">1295</td></tr></tbody>
<tbody id="t1"><tr><th colspan="4">LoginWith_Invalidcredentials  &#8212; failed</th></tr><tr class="failedeven"><td rowspan="1">Testcases.LoginWith_Invalidcredentials</td><td><a href="#m1">checkloginWithInvalidData</a></td><td rowspan="1">1724481586277</td><td rowspan="1">15048</td></tr></tbody>
<tbody id="t2"><tr><th colspan="4">LoginWith_WithoutProvindingAnycredentials &#8212; failed</th></tr><tr class="failedeven"><td rowspan="1">Testcases.LoginWith_WithoutProvindingAnycredentials</td><td><a href="#m2">checkloginWithoutData</a></td><td rowspan="1">1724481601423</td><td rowspan="1">15017</td></tr></tbody>
</table>
<h2>LoginWith_Validcredentials</h2><h3 id="m0">Testcases.LoginWith_Validcredentials#CheckloginWithValidData</h3><table class="result"><tr class="param"><th>Parameter #1</th><th>Parameter #2</th></tr><tr class="param stripe"><td>satishgude920@gmail.com</td><td>Satish@123</td></tr></table><p class="totop"><a href="#summary">back to summary</a></p>
<h2>LoginWith_Invalidcredentials </h2><h3 id="m1">Testcases.LoginWith_Invalidcredentials#checkloginWithInvalidData</h3><table class="result"><tr class="param"><th>Parameter #1</th><th>Parameter #2</th></tr><tr class="param stripe"><td>hfdff@gmail.com</td><td>hdehdhh@132</td></tr><tr><th colspan="2">Exception</th></tr><tr><td colspan="2"><div class="stacktrace">org.openqa.selenium.NoSuchElementException: Unable to locate element: #username
For documentation on this error, please visit: https://www.seleniumhq.org/exceptions/no_such_element.html
Build info: version: &apos;3.141.59&apos;, revision: &apos;e82be7d358&apos;, time: &apos;2018-11-14T08:25:53&apos;
System info: host: &apos;DESKTOP-MM71A1S&apos;, ip: &apos;192.168.1.7&apos;, os.name: &apos;Windows 11&apos;, os.arch: &apos;amd64&apos;, os.version: &apos;10.0&apos;, java.version: &apos;17.0.8&apos;
Driver info: org.openqa.selenium.firefox.FirefoxDriver
Capabilities {acceptInsecureCerts: true, browserName: firefox, browserVersion: 129.0.2, javascriptEnabled: true, moz:accessibilityChecks: false, moz:buildID: 20240819150008, moz:geckodriverVersion: 0.33.0, moz:headless: false, moz:platformVersion: 10.0, moz:processID: 3544, moz:profile: C:\Users\SATISH\AppData\Loc..., moz:shutdownTimeout: 60000, moz:webdriverClick: true, moz:windowless: false, pageLoadStrategy: normal, platform: WINDOWS, platformName: WINDOWS, proxy: Proxy(), setWindowRect: true, strictFileInteractability: false, timeouts: {implicit: 0, pageLoad: 300000, script: 30000}, unhandledPromptBehavior: dismiss and notify, userAgent: Mozilla/5.0 (Windows NT 10....}
Session ID: 180f3534-6104-4aab-99d0-b41b9dde1d37
*** Element info: {Using=id, value=username}
	at org.openqa.selenium.remote.http.W3CHttpResponseCodec.createException(W3CHttpResponseCodec.java:187)
	at org.openqa.selenium.remote.http.W3CHttpResponseCodec.decode(W3CHttpResponseCodec.java:122)
	at org.openqa.selenium.remote.http.W3CHttpResponseCodec.decode(W3CHttpResponseCodec.java:49)
	at org.openqa.selenium.remote.HttpCommandExecutor.execute(HttpCommandExecutor.java:158)
	at org.openqa.selenium.remote.service.DriverCommandExecutor.execute(DriverCommandExecutor.java:83)
	at org.openqa.selenium.remote.RemoteWebDriver.execute(RemoteWebDriver.java:552)
	at org.openqa.selenium.remote.RemoteWebDriver.findElement(RemoteWebDriver.java:323)
	at org.openqa.selenium.remote.RemoteWebDriver.findElementById(RemoteWebDriver.java:372)
	at org.openqa.selenium.By$ById.findElement(By.java:188)
	at org.openqa.selenium.remote.RemoteWebDriver.findElement(RemoteWebDriver.java:315)
	at Library.Loginpage.login(Loginpage.java:16)
	at Testcases.LoginWith_Invalidcredentials.checkloginWithInvalidData(LoginWith_Invalidcredentials.java:18)
... Removed 30 stack frames</div></td></tr></table><p class="totop"><a href="#summary">back to summary</a></p>
<h2>LoginWith_WithoutProvindingAnycredentials</h2><h3 id="m2">Testcases.LoginWith_WithoutProvindingAnycredentials#checkloginWithoutData</h3><table class="result"><tr class="param"><th>Parameter #1</th><th>Parameter #2</th></tr><tr class="param stripe"><td></td><td></td></tr><tr><th colspan="2">Exception</th></tr><tr><td colspan="2"><div class="stacktrace">org.openqa.selenium.NoSuchElementException: Unable to locate element: #username
For documentation on this error, please visit: https://www.seleniumhq.org/exceptions/no_such_element.html
Build info: version: &apos;3.141.59&apos;, revision: &apos;e82be7d358&apos;, time: &apos;2018-11-14T08:25:53&apos;
System info: host: &apos;DESKTOP-MM71A1S&apos;, ip: &apos;192.168.1.7&apos;, os.name: &apos;Windows 11&apos;, os.arch: &apos;amd64&apos;, os.version: &apos;10.0&apos;, java.version: &apos;17.0.8&apos;
Driver info: org.openqa.selenium.firefox.FirefoxDriver
Capabilities {acceptInsecureCerts: true, browserName: firefox, browserVersion: 129.0.2, javascriptEnabled: true, moz:accessibilityChecks: false, moz:buildID: 20240819150008, moz:geckodriverVersion: 0.33.0, moz:headless: false, moz:platformVersion: 10.0, moz:processID: 3544, moz:profile: C:\Users\SATISH\AppData\Loc..., moz:shutdownTimeout: 60000, moz:webdriverClick: true, moz:windowless: false, pageLoadStrategy: normal, platform: WINDOWS, platformName: WINDOWS, proxy: Proxy(), setWindowRect: true, strictFileInteractability: false, timeouts: {implicit: 0, pageLoad: 300000, script: 30000}, unhandledPromptBehavior: dismiss and notify, userAgent: Mozilla/5.0 (Windows NT 10....}
Session ID: 180f3534-6104-4aab-99d0-b41b9dde1d37
*** Element info: {Using=id, value=username}
	at org.openqa.selenium.remote.http.W3CHttpResponseCodec.createException(W3CHttpResponseCodec.java:187)
	at org.openqa.selenium.remote.http.W3CHttpResponseCodec.decode(W3CHttpResponseCodec.java:122)
	at org.openqa.selenium.remote.http.W3CHttpResponseCodec.decode(W3CHttpResponseCodec.java:49)
	at org.openqa.selenium.remote.HttpCommandExecutor.execute(HttpCommandExecutor.java:158)
	at org.openqa.selenium.remote.service.DriverCommandExecutor.execute(DriverCommandExecutor.java:83)
	at org.openqa.selenium.remote.RemoteWebDriver.execute(RemoteWebDriver.java:552)
	at org.openqa.selenium.remote.RemoteWebDriver.findElement(RemoteWebDriver.java:323)
	at org.openqa.selenium.remote.RemoteWebDriver.findElementById(RemoteWebDriver.java:372)
	at org.openqa.selenium.By$ById.findElement(By.java:188)
	at org.openqa.selenium.remote.RemoteWebDriver.findElement(RemoteWebDriver.java:315)
	at Library.Loginpage.login(Loginpage.java:16)
	at Testcases.LoginWith_WithoutProvindingAnycredentials.checkloginWithoutData(LoginWith_WithoutProvindingAnycredentials.java:18)
... Removed 30 stack frames</div></td></tr></table><p class="totop"><a href="#summary">back to summary</a></p>
</body>
</html>
